2025-06-04 12:40:40,212 [1] INFO Microsoft.Hosting.Lifetime - Now listening on: http://localhost:5025
2025-06-04 12:40:40,255 [1] INFO Microsoft.Hosting.Lifetime - Application started. Press Ctrl+C to shut down.
2025-06-04 12:40:40,256 [1] INFO Microsoft.Hosting.Lifetime - Hosting environment: Development
2025-06-04 12:40:40,256 [1] INFO Microsoft.Hosting.Lifetime - Content root path: /Users/sandhyaanand/Documents/GitHub/Presidio_internship/june-4/task1
2025-06-04 12:43:04,185 [.NET Signal Handler] INFO Microsoft.Hosting.Lifetime - Application is shutting down...
2025-06-04 13:18:02,188 [1] INFO Microsoft.Hosting.Lifetime - Now listening on: http://localhost:5025
2025-06-04 13:18:02,225 [1] INFO Microsoft.Hosting.Lifetime - Application started. Press Ctrl+C to shut down.
2025-06-04 13:18:02,226 [1] INFO Microsoft.Hosting.Lifetime - Hosting environment: Development
2025-06-04 13:18:02,226 [1] INFO Microsoft.Hosting.Lifetime - Content root path: /Users/sandhyaanand/Documents/GitHub/Presidio_internship/june-4/task1
2025-06-04 13:22:28,705 [.NET Signal Handler] INFO Microsoft.Hosting.Lifetime - Application is shutting down...
2025-06-04 13:22:37,827 [1] INFO Microsoft.Hosting.Lifetime - Now listening on: http://localhost:5025
2025-06-04 13:22:37,852 [1] INFO Microsoft.Hosting.Lifetime - Application started. Press Ctrl+C to shut down.
2025-06-04 13:22:37,853 [1] INFO Microsoft.Hosting.Lifetime - Hosting environment: Development
2025-06-04 13:22:37,853 [1] INFO Microsoft.Hosting.Lifetime - Content root path: /Users/sandhyaanand/Documents/GitHub/Presidio_internship/june-4/task1
2025-06-04 15:31:37,996 [1] INFO Microsoft.Hosting.Lifetime - Now listening on: http://localhost:5025
2025-06-04 15:31:38,036 [1] INFO Microsoft.Hosting.Lifetime - Application started. Press Ctrl+C to shut down.
2025-06-04 15:31:38,037 [1] INFO Microsoft.Hosting.Lifetime - Hosting environment: Development
2025-06-04 15:31:38,037 [1] INFO Microsoft.Hosting.Lifetime - Content root path: /Users/sandhyaanand/Documents/GitHub/Presidio_internship/june-4/task1
2025-06-04 16:01:30,438 [1] ERROR Microsoft.Extensions.Hosting.Internal.Host - Hosting failed to start
System.IO.IOException: Failed to bind to address http://127.0.0.1:5025: address already in use.
 ---> Microsoft.AspNetCore.Connections.AddressInUseException: Address already in use
 ---> System.Net.Sockets.SocketException (48): Address already in use
   at System.Net.Sockets.Socket.DoBind(EndPoint endPointSnapshot, SocketAddress socketAddress)
   at System.Net.Sockets.Socket.Bind(EndPoint localEP)
   at Microsoft.AspNetCore.Server.Kestrel.Transport.Sockets.SocketTransportOptions.CreateDefaultBoundListenSocket(EndPoint endpoint)
   at Microsoft.AspNetCore.Server.Kestrel.Transport.Sockets.SocketConnectionListener.Bind()
   --- End of inner exception stack trace ---
   at Microsoft.AspNetCore.Server.Kestrel.Transport.Sockets.SocketConnectionListener.Bind()
   at Microsoft.AspNetCore.Server.Kestrel.Transport.Sockets.SocketTransportFactory.BindAsync(EndPoint endpoint, CancellationToken cancellationToken)
   at Microsoft.AspNetCore.Server.Kestrel.Core.Internal.Infrastructure.TransportManager.BindAsync(EndPoint endPoint, ConnectionDelegate connectionDelegate, EndpointConfig endpointConfig, CancellationToken cancellationToken)
   at Microsoft.AspNetCore.Server.Kestrel.Core.KestrelServerImpl.<>c__DisplayClass28_0`1.<<StartAsync>g__OnBind|0>d.MoveNext()
--- End of stack trace from previous location ---
   at Microsoft.AspNetCore.Server.Kestrel.Core.Internal.AddressBinder.BindEndpointAsync(ListenOptions endpoint, AddressBindContext context, CancellationToken cancellationToken)
   --- End of inner exception stack trace ---
   at Microsoft.AspNetCore.Server.Kestrel.Core.Internal.AddressBinder.BindEndpointAsync(ListenOptions endpoint, AddressBindContext context, CancellationToken cancellationToken)
   at Microsoft.AspNetCore.Server.Kestrel.Core.LocalhostListenOptions.BindAsync(AddressBindContext context, CancellationToken cancellationToken)
   at Microsoft.AspNetCore.Server.Kestrel.Core.Internal.AddressBinder.AddressesStrategy.BindAsync(AddressBindContext context, CancellationToken cancellationToken)
   at Microsoft.AspNetCore.Server.Kestrel.Core.Internal.AddressBinder.BindAsync(ListenOptions[] listenOptions, AddressBindContext context, Func`2 useHttps, CancellationToken cancellationToken)
   at Microsoft.AspNetCore.Server.Kestrel.Core.KestrelServerImpl.BindAsync(CancellationToken cancellationToken)
   at Microsoft.AspNetCore.Server.Kestrel.Core.KestrelServerImpl.StartAsync[TContext](IHttpApplication`1 application, CancellationToken cancellationToken)
   at Microsoft.AspNetCore.Hosting.GenericWebHostService.StartAsync(CancellationToken cancellationToken)
   at Microsoft.Extensions.Hosting.Internal.Host.<StartAsync>b__15_1(IHostedService service, CancellationToken token)
   at Microsoft.Extensions.Hosting.Internal.Host.ForeachService[T](IEnumerable`1 services, CancellationToken token, Boolean concurrent, Boolean abortOnFirstException, List`1 exceptions, Func`3 operation)
2025-06-04 16:02:12,244 [1] ERROR Microsoft.Extensions.Hosting.Internal.Host - Hosting failed to start
System.IO.IOException: Failed to bind to address http://127.0.0.1:5025: address already in use.
 ---> Microsoft.AspNetCore.Connections.AddressInUseException: Address already in use
 ---> System.Net.Sockets.SocketException (48): Address already in use
   at System.Net.Sockets.Socket.DoBind(EndPoint endPointSnapshot, SocketAddress socketAddress)
   at System.Net.Sockets.Socket.Bind(EndPoint localEP)
   at Microsoft.AspNetCore.Server.Kestrel.Transport.Sockets.SocketTransportOptions.CreateDefaultBoundListenSocket(EndPoint endpoint)
   at Microsoft.AspNetCore.Server.Kestrel.Transport.Sockets.SocketConnectionListener.Bind()
   --- End of inner exception stack trace ---
   at Microsoft.AspNetCore.Server.Kestrel.Transport.Sockets.SocketConnectionListener.Bind()
   at Microsoft.AspNetCore.Server.Kestrel.Transport.Sockets.SocketTransportFactory.BindAsync(EndPoint endpoint, CancellationToken cancellationToken)
   at Microsoft.AspNetCore.Server.Kestrel.Core.Internal.Infrastructure.TransportManager.BindAsync(EndPoint endPoint, ConnectionDelegate connectionDelegate, EndpointConfig endpointConfig, CancellationToken cancellationToken)
   at Microsoft.AspNetCore.Server.Kestrel.Core.KestrelServerImpl.<>c__DisplayClass28_0`1.<<StartAsync>g__OnBind|0>d.MoveNext()
--- End of stack trace from previous location ---
   at Microsoft.AspNetCore.Server.Kestrel.Core.Internal.AddressBinder.BindEndpointAsync(ListenOptions endpoint, AddressBindContext context, CancellationToken cancellationToken)
   --- End of inner exception stack trace ---
   at Microsoft.AspNetCore.Server.Kestrel.Core.Internal.AddressBinder.BindEndpointAsync(ListenOptions endpoint, AddressBindContext context, CancellationToken cancellationToken)
   at Microsoft.AspNetCore.Server.Kestrel.Core.LocalhostListenOptions.BindAsync(AddressBindContext context, CancellationToken cancellationToken)
   at Microsoft.AspNetCore.Server.Kestrel.Core.Internal.AddressBinder.AddressesStrategy.BindAsync(AddressBindContext context, CancellationToken cancellationToken)
   at Microsoft.AspNetCore.Server.Kestrel.Core.Internal.AddressBinder.BindAsync(ListenOptions[] listenOptions, AddressBindContext context, Func`2 useHttps, CancellationToken cancellationToken)
   at Microsoft.AspNetCore.Server.Kestrel.Core.KestrelServerImpl.BindAsync(CancellationToken cancellationToken)
   at Microsoft.AspNetCore.Server.Kestrel.Core.KestrelServerImpl.StartAsync[TContext](IHttpApplication`1 application, CancellationToken cancellationToken)
   at Microsoft.AspNetCore.Hosting.GenericWebHostService.StartAsync(CancellationToken cancellationToken)
   at Microsoft.Extensions.Hosting.Internal.Host.<StartAsync>b__15_1(IHostedService service, CancellationToken token)
   at Microsoft.Extensions.Hosting.Internal.Host.ForeachService[T](IEnumerable`1 services, CancellationToken token, Boolean concurrent, Boolean abortOnFirstException, List`1 exceptions, Func`3 operation)
2025-06-04 16:03:33,750 [1] INFO Microsoft.Hosting.Lifetime - Now listening on: http://localhost:5025
2025-06-04 16:03:33,778 [1] INFO Microsoft.Hosting.Lifetime - Application started. Press Ctrl+C to shut down.
2025-06-04 16:03:33,778 [1] INFO Microsoft.Hosting.Lifetime - Hosting environment: Development
2025-06-04 16:03:33,778 [1] INFO Microsoft.Hosting.Lifetime - Content root path: /Users/sandhyaanand/Documents/GitHub/Presidio_internship/june-4/task1
2025-06-04 16:08:53,137 [.NET Signal Handler] INFO Microsoft.Hosting.Lifetime - Application is shutting down...
2025-06-04 16:09:00,024 [1] INFO Microsoft.Hosting.Lifetime - Now listening on: http://localhost:5025
2025-06-04 16:09:00,057 [1] INFO Microsoft.Hosting.Lifetime - Application started. Press Ctrl+C to shut down.
2025-06-04 16:09:00,058 [1] INFO Microsoft.Hosting.Lifetime - Hosting environment: Development
2025-06-04 16:09:00,058 [1] INFO Microsoft.Hosting.Lifetime - Content root path: /Users/sandhyaanand/Documents/GitHub/Presidio_internship/june-4/task1
2025-06-04 16:10:34,753 [.NET Signal Handler] INFO Microsoft.Hosting.Lifetime - Application is shutting down...
2025-06-04 16:10:41,382 [1] INFO Microsoft.Hosting.Lifetime - Now listening on: http://localhost:5025
2025-06-04 16:10:41,414 [1] INFO Microsoft.Hosting.Lifetime - Application started. Press Ctrl+C to shut down.
2025-06-04 16:10:41,414 [1] INFO Microsoft.Hosting.Lifetime - Hosting environment: Development
2025-06-04 16:10:41,415 [1] INFO Microsoft.Hosting.Lifetime - Content root path: /Users/sandhyaanand/Documents/GitHub/Presidio_internship/june-4/task1
2025-06-04 16:15:13,363 [.NET Signal Handler] INFO Microsoft.Hosting.Lifetime - Application is shutting down...
2025-06-04 16:16:05,469 [1] INFO Microsoft.Hosting.Lifetime - Now listening on: http://localhost:5025
2025-06-04 16:16:05,499 [1] INFO Microsoft.Hosting.Lifetime - Application started. Press Ctrl+C to shut down.
2025-06-04 16:16:05,500 [1] INFO Microsoft.Hosting.Lifetime - Hosting environment: Development
2025-06-04 16:16:05,500 [1] INFO Microsoft.Hosting.Lifetime - Content root path: /Users/sandhyaanand/Documents/GitHub/Presidio_internship/june-4/task1
2025-06-04 16:19:02,297 [.NET Signal Handler] INFO Microsoft.Hosting.Lifetime - Application is shutting down...
2025-06-04 16:19:08,358 [1] INFO Microsoft.Hosting.Lifetime - Now listening on: http://localhost:5025
2025-06-04 16:19:08,399 [1] INFO Microsoft.Hosting.Lifetime - Application started. Press Ctrl+C to shut down.
2025-06-04 16:19:08,399 [1] INFO Microsoft.Hosting.Lifetime - Hosting environment: Development
2025-06-04 16:19:08,399 [1] INFO Microsoft.Hosting.Lifetime - Content root path: /Users/sandhyaanand/Documents/GitHub/Presidio_internship/june-4/task1
2025-06-04 16:24:41,550 [.NET Signal Handler] INFO Microsoft.Hosting.Lifetime - Application is shutting down...
2025-06-04 16:24:48,058 [1] INFO Microsoft.Hosting.Lifetime - Now listening on: http://localhost:5025
2025-06-04 16:24:48,092 [1] INFO Microsoft.Hosting.Lifetime - Application started. Press Ctrl+C to shut down.
2025-06-04 16:24:48,093 [1] INFO Microsoft.Hosting.Lifetime - Hosting environment: Development
2025-06-04 16:24:48,093 [1] INFO Microsoft.Hosting.Lifetime - Content root path: /Users/sandhyaanand/Documents/GitHub/Presidio_internship/june-4/task1
2025-06-04 16:28:16,837 [.NET Signal Handler] INFO Microsoft.Hosting.Lifetime - Application is shutting down...
2025-06-04 16:28:22,140 [1] INFO Microsoft.Hosting.Lifetime - Now listening on: http://localhost:5025
2025-06-04 16:28:22,172 [1] INFO Microsoft.Hosting.Lifetime - Application started. Press Ctrl+C to shut down.
2025-06-04 16:28:22,173 [1] INFO Microsoft.Hosting.Lifetime - Hosting environment: Development
2025-06-04 16:28:22,173 [1] INFO Microsoft.Hosting.Lifetime - Content root path: /Users/sandhyaanand/Documents/GitHub/Presidio_internship/june-4/task1
2025-06-04 16:32:21,219 [.NET Signal Handler] INFO Microsoft.Hosting.Lifetime - Application is shutting down...
2025-06-04 16:36:17,798 [1] INFO Microsoft.Hosting.Lifetime - Now listening on: http://localhost:5025
2025-06-04 16:36:17,832 [1] INFO Microsoft.Hosting.Lifetime - Application started. Press Ctrl+C to shut down.
2025-06-04 16:36:17,833 [1] INFO Microsoft.Hosting.Lifetime - Hosting environment: Development
2025-06-04 16:36:17,833 [1] INFO Microsoft.Hosting.Lifetime - Content root path: /Users/sandhyaanand/Documents/GitHub/Presidio_internship/june-4/task1
2025-06-04 16:36:42,491 [.NET TP Worker] INFO Microsoft.EntityFrameworkCore.Database.Command - Executed DbCommand (57ms) [Parameters=[@__key_0='?'], CommandType='Text', CommandTimeout='30']
SELECT u."Username", u."HashKey", u."Password", u."Role", d."Id", d."Email", d."Name", d."Status", d."YearsOfExperience"
FROM "Users" AS u
LEFT JOIN "Doctors" AS d ON u."Username" = d."Email"
WHERE u."Username" = @__key_0
LIMIT 2
2025-06-04 16:36:42,654 [.NET TP Worker] INFO Microsoft.EntityFrameworkCore.Database.Command - Executed DbCommand (6ms) [Parameters=[@p0='?', @p1='?' (DbType = Binary), @p2='?' (DbType = Binary), @p3='?'], CommandType='Text', CommandTimeout='30']
INSERT INTO "Users" ("Username", "HashKey", "Password", "Role")
VALUES (@p0, @p1, @p2, @p3);
2025-06-04 16:39:12,008 [.NET TP Worker] ERROR Microsoft.EntityFrameworkCore.Database.Command - Failed executing DbCommand (14ms) [Parameters=[p0='?'], CommandType='Text', CommandTimeout='30']
select * from proc_GetDoctorsBySpeciality(@p0)
2025-06-04 16:39:12,051 [.NET TP Worker] ERROR Microsoft.EntityFrameworkCore.Query - An exception occurred while iterating over the results of a query for context type 'FirstAPI.Contexts.ClinicContext'.
Npgsql.PostgresException (0x80004005): 42883: function proc_getdoctorsbyspeciality(text) does not exist

POSITION: 15
   at Npgsql.Internal.NpgsqlConnector.ReadMessageLong(Boolean async, DataRowLoadingMode dataRowLoadingMode, Boolean readingNotifications, Boolean isReadingPrependedMessage)
   at System.Runtime.CompilerServices.PoolingAsyncValueTaskMethodBuilder`1.StateMachineBox`1.System.Threading.Tasks.Sources.IValueTaskSource<TResult>.GetResult(Int16 token)
   at Npgsql.NpgsqlDataReader.NextResult(Boolean async, Boolean isConsuming, CancellationToken cancellationToken)
   at Npgsql.NpgsqlDataReader.NextResult(Boolean async, Boolean isConsuming, CancellationToken cancellationToken)
   at Npgsql.NpgsqlCommand.ExecuteReader(Boolean async, CommandBehavior behavior, CancellationToken cancellationToken)
   at Npgsql.NpgsqlCommand.ExecuteReader(Boolean async, CommandBehavior behavior, CancellationToken cancellationToken)
   at Npgsql.NpgsqlCommand.ExecuteDbDataReaderAsync(CommandBehavior behavior, CancellationToken cancellationToken)
   at Microsoft.EntityFrameworkCore.Storage.RelationalCommand.ExecuteReaderAsync(RelationalCommandParameterObject parameterObject, CancellationToken cancellationToken)
   at Microsoft.EntityFrameworkCore.Storage.RelationalCommand.ExecuteReaderAsync(RelationalCommandParameterObject parameterObject, CancellationToken cancellationToken)
   at Microsoft.EntityFrameworkCore.Query.Internal.FromSqlQueryingEnumerable`1.AsyncEnumerator.InitializeReaderAsync(AsyncEnumerator enumerator, CancellationToken cancellationToken)
   at Npgsql.EntityFrameworkCore.PostgreSQL.Storage.Internal.NpgsqlExecutionStrategy.ExecuteAsync[TState,TResult](TState state, Func`4 operation, Func`4 verifySucceeded, CancellationToken cancellationToken)
   at Microsoft.EntityFrameworkCore.Query.Internal.FromSqlQueryingEnumerable`1.AsyncEnumerator.MoveNextAsync()
  Exception data:
    Severity: ERROR
    SqlState: 42883
    MessageText: function proc_getdoctorsbyspeciality(text) does not exist
    Hint: No function matches the given name and argument types. You might need to add explicit type casts.
    Position: 15
    File: parse_func.c
    Line: 636
    Routine: ParseFuncOrColumn
Npgsql.PostgresException (0x80004005): 42883: function proc_getdoctorsbyspeciality(text) does not exist

POSITION: 15
   at Npgsql.Internal.NpgsqlConnector.ReadMessageLong(Boolean async, DataRowLoadingMode dataRowLoadingMode, Boolean readingNotifications, Boolean isReadingPrependedMessage)
   at System.Runtime.CompilerServices.PoolingAsyncValueTaskMethodBuilder`1.StateMachineBox`1.System.Threading.Tasks.Sources.IValueTaskSource<TResult>.GetResult(Int16 token)
   at Npgsql.NpgsqlDataReader.NextResult(Boolean async, Boolean isConsuming, CancellationToken cancellationToken)
   at Npgsql.NpgsqlDataReader.NextResult(Boolean async, Boolean isConsuming, CancellationToken cancellationToken)
   at Npgsql.NpgsqlCommand.ExecuteReader(Boolean async, CommandBehavior behavior, CancellationToken cancellationToken)
   at Npgsql.NpgsqlCommand.ExecuteReader(Boolean async, CommandBehavior behavior, CancellationToken cancellationToken)
   at Npgsql.NpgsqlCommand.ExecuteDbDataReaderAsync(CommandBehavior behavior, CancellationToken cancellationToken)
   at Microsoft.EntityFrameworkCore.Storage.RelationalCommand.ExecuteReaderAsync(RelationalCommandParameterObject parameterObject, CancellationToken cancellationToken)
   at Microsoft.EntityFrameworkCore.Storage.RelationalCommand.ExecuteReaderAsync(RelationalCommandParameterObject parameterObject, CancellationToken cancellationToken)
   at Microsoft.EntityFrameworkCore.Query.Internal.FromSqlQueryingEnumerable`1.AsyncEnumerator.InitializeReaderAsync(AsyncEnumerator enumerator, CancellationToken cancellationToken)
   at Npgsql.EntityFrameworkCore.PostgreSQL.Storage.Internal.NpgsqlExecutionStrategy.ExecuteAsync[TState,TResult](TState state, Func`4 operation, Func`4 verifySucceeded, CancellationToken cancellationToken)
   at Microsoft.EntityFrameworkCore.Query.Internal.FromSqlQueryingEnumerable`1.AsyncEnumerator.MoveNextAsync()
  Exception data:
    Severity: ERROR
    SqlState: 42883
    MessageText: function proc_getdoctorsbyspeciality(text) does not exist
    Hint: No function matches the given name and argument types. You might need to add explicit type casts.
    Position: 15
    File: parse_func.c
    Line: 636
    Routine: ParseFuncOrColumn
2025-06-04 16:42:15,033 [1] INFO Microsoft.Hosting.Lifetime - Now listening on: http://localhost:5025
2025-06-04 16:42:15,070 [1] INFO Microsoft.Hosting.Lifetime - Application started. Press Ctrl+C to shut down.
2025-06-04 16:42:15,071 [1] INFO Microsoft.Hosting.Lifetime - Hosting environment: Development
2025-06-04 16:42:15,071 [1] INFO Microsoft.Hosting.Lifetime - Content root path: /Users/sandhyaanand/Documents/GitHub/Presidio_internship/june-4/task1
2025-06-04 16:43:25,005 [1] INFO Microsoft.Hosting.Lifetime - Now listening on: http://localhost:5025
2025-06-04 16:43:25,037 [1] INFO Microsoft.Hosting.Lifetime - Application started. Press Ctrl+C to shut down.
2025-06-04 16:43:25,037 [1] INFO Microsoft.Hosting.Lifetime - Hosting environment: Development
2025-06-04 16:43:25,037 [1] INFO Microsoft.Hosting.Lifetime - Content root path: /Users/sandhyaanand/Documents/GitHub/Presidio_internship/june-4/task1
2025-06-04 16:44:49,482 [.NET TP Worker] INFO Microsoft.EntityFrameworkCore.Database.Command - Executed DbCommand (55ms) [Parameters=[@__key_0='?'], CommandType='Text', CommandTimeout='30']
SELECT u."Username", u."HashKey", u."Password", u."Role", d."Id", d."Email", d."Name", d."Status", d."YearsOfExperience"
FROM "Users" AS u
LEFT JOIN "Doctors" AS d ON u."Username" = d."Email"
WHERE u."Username" = @__key_0
LIMIT 2
2025-06-04 16:52:08,155 [1] INFO Microsoft.Hosting.Lifetime - Now listening on: http://localhost:5025
2025-06-04 16:52:08,187 [1] INFO Microsoft.Hosting.Lifetime - Application started. Press Ctrl+C to shut down.
2025-06-04 16:52:08,188 [1] INFO Microsoft.Hosting.Lifetime - Hosting environment: Development
2025-06-04 16:52:08,188 [1] INFO Microsoft.Hosting.Lifetime - Content root path: /Users/sandhyaanand/Documents/GitHub/Presidio_internship/june-4/task1
2025-06-04 16:53:59,928 [.NET TP Worker] INFO Microsoft.EntityFrameworkCore.Database.Command - Executed DbCommand (56ms) [Parameters=[@__key_0='?'], CommandType='Text', CommandTimeout='30']
SELECT u."Username", u."HashKey", u."Password", u."Role", d."Id", d."Email", d."Name", d."Status", d."YearsOfExperience"
FROM "Users" AS u
LEFT JOIN "Doctors" AS d ON u."Username" = d."Email"
WHERE u."Username" = @__key_0
LIMIT 2
2025-06-04 17:05:01,507 [1] INFO Microsoft.Hosting.Lifetime - Now listening on: http://localhost:5025
2025-06-04 17:05:01,541 [1] INFO Microsoft.Hosting.Lifetime - Application started. Press Ctrl+C to shut down.
2025-06-04 17:05:01,541 [1] INFO Microsoft.Hosting.Lifetime - Hosting environment: Development
2025-06-04 17:05:01,541 [1] INFO Microsoft.Hosting.Lifetime - Content root path: /Users/sandhyaanand/Documents/GitHub/Presidio_internship/june-4/task1
2025-06-04 17:06:30,988 [.NET TP Worker] INFO Microsoft.EntityFrameworkCore.Database.Command - Executed DbCommand (56ms) [Parameters=[@__key_0='?'], CommandType='Text', CommandTimeout='30']
SELECT u."Username", u."HashKey", u."Password", u."Role", d."Id", d."Email", d."Name", d."Status", d."YearsOfExperience"
FROM "Users" AS u
LEFT JOIN "Doctors" AS d ON u."Username" = d."Email"
WHERE u."Username" = @__key_0
LIMIT 2
2025-06-04 17:07:31,556 [.NET Signal Handler] INFO Microsoft.Hosting.Lifetime - Application is shutting down...
2025-06-04 17:07:42,939 [1] INFO Microsoft.Hosting.Lifetime - Now listening on: http://localhost:5025
2025-06-04 17:07:42,972 [1] INFO Microsoft.Hosting.Lifetime - Application started. Press Ctrl+C to shut down.
2025-06-04 17:07:42,973 [1] INFO Microsoft.Hosting.Lifetime - Hosting environment: Development
2025-06-04 17:07:42,973 [1] INFO Microsoft.Hosting.Lifetime - Content root path: /Users/sandhyaanand/Documents/GitHub/Presidio_internship/june-4/task1
2025-06-04 17:10:45,110 [.NET Signal Handler] INFO Microsoft.Hosting.Lifetime - Application is shutting down...
